<?xml version='1.0' encoding='UTF-8'?>
<testsuite hostname="DESKTOP-EJTBFF1" name="ExampleTests" tests="2" errors="0" failures="0" skipped="0" time="0.141" timestamp="2021-02-17T16:36:18">
                     <properties>
[...]
</properties>
                     <testcase classname="ExampleTests" name="Codewars.spinWordsSimple should work with example tests" time="0.052">
                                                 
                                               </testcase><testcase classname="ExampleTests" name="Codewars.spinWordsUsingVars should work with example tests" time="0.089">
                                                 
                                               </testcase>
                     <system-out><![CDATA[]]></system-out>
                     <system-err><![CDATA[]]></system-err>
                   </testsuite>